<?xml version="1.0" encoding="UTF-8"?>
<!-- Generated by org.testng.reporters.JUnitXMLReporter -->
<testsuite ignored="0" hostname="DESKTOP-0MGR9KI" failures="0" tests="2" name="Default test" time="38.181" errors="0" timestamp="2022-06-22T19:14:51 ICT">
  <testcase classname="com.contactdiary.appium.ContactDiaryTest" name="test_gotoEventActivity" time="0.783"/>
  <testcase classname="com.contactdiary.appium.ContactDiaryTest" name="test_functionEvent" time="22.844"/>
</testsuite> <!-- Default test -->
