<?xml version="1.0" encoding="UTF-8"?>
<!-- Generated by org.testng.reporters.JUnitXMLReporter -->
<testsuite ignored="0" hostname="DESKTOP-0MGR9KI" failures="0" tests="2" name="Default test" time="47.763" errors="0" timestamp="2022-06-22T14:56:42 ICT">
  <testcase classname="com.contactdiary.appium.ContactDiaryTest" name="test_gotoEventActivity" time="0.794"/>
  <testcase classname="com.contactdiary.appium.ContactDiaryTest" name="test_functionEvent" time="26.794"/>
</testsuite> <!-- Default test -->
