<?xml version="1.0" encoding="UTF-8"?>
<testng-results ignored="0" total="2" passed="2" failed="0" skipped="0">
  <reporter-output>
  </reporter-output>
  <suite started-at="2022-06-22T14:55:54 ICT" name="Default suite" finished-at="2022-06-22T14:56:42 ICT" duration-ms="47763">
    <groups>
    </groups>
    <test started-at="2022-06-22T14:55:54 ICT" name="Default test" finished-at="2022-06-22T14:56:42 ICT" duration-ms="47763">
      <class name="com.contactdiary.appium.ContactDiaryTest">
        <test-method is-config="true" signature="init()[pri:0, instance:com.contactdiary.appium.ContactDiaryTest@2b40ff9c]" started-at="2022-06-22T14:55:54 ICT" name="init" finished-at="2022-06-22T14:56:14 ICT" duration-ms="20009" status="PASS">
          <reporter-output>
          </reporter-output>
        </test-method> <!-- init -->
        <test-method signature="test_gotoEventActivity()[pri:1, instance:com.contactdiary.appium.ContactDiaryTest@2b40ff9c]" started-at="2022-06-22T14:56:14 ICT" name="test_gotoEventActivity" finished-at="2022-06-22T14:56:15 ICT" duration-ms="794" status="PASS">
          <reporter-output>
          </reporter-output>
        </test-method> <!-- test_gotoEventActivity -->
        <test-method signature="test_functionEvent()[pri:2, instance:com.contactdiary.appium.ContactDiaryTest@2b40ff9c]" started-at="2022-06-22T14:56:15 ICT" name="test_functionEvent" finished-at="2022-06-22T14:56:42 ICT" duration-ms="26794" status="PASS">
          <reporter-output>
          </reporter-output>
        </test-method> <!-- test_functionEvent -->
      </class> <!-- com.contactdiary.appium.ContactDiaryTest -->
    </test> <!-- Default test -->
  </suite> <!-- Default suite -->
</testng-results>
