<?xml version="1.0" encoding="UTF-8"?>
<testng-results ignored="0" total="2" passed="2" failed="0" skipped="0">
  <reporter-output>
  </reporter-output>
  <suite started-at="2022-06-22T19:14:13 ICT" name="Default suite" finished-at="2022-06-22T19:14:51 ICT" duration-ms="38181">
    <groups>
    </groups>
    <test started-at="2022-06-22T19:14:13 ICT" name="Default test" finished-at="2022-06-22T19:14:51 ICT" duration-ms="38181">
      <class name="com.contactdiary.appium.ContactDiaryTest">
        <test-method is-config="true" signature="init()[pri:0, instance:com.contactdiary.appium.ContactDiaryTest@3e08ff24]" started-at="2022-06-22T19:14:13 ICT" name="init" finished-at="2022-06-22T19:14:27 ICT" duration-ms="14470" status="PASS">
          <reporter-output>
          </reporter-output>
        </test-method> <!-- init -->
        <test-method signature="test_gotoEventActivity()[pri:1, instance:com.contactdiary.appium.ContactDiaryTest@3e08ff24]" started-at="2022-06-22T19:14:27 ICT" name="test_gotoEventActivity" finished-at="2022-06-22T19:14:28 ICT" duration-ms="783" status="PASS">
          <reporter-output>
          </reporter-output>
        </test-method> <!-- test_gotoEventActivity -->
        <test-method signature="test_functionEvent()[pri:2, instance:com.contactdiary.appium.ContactDiaryTest@3e08ff24]" started-at="2022-06-22T19:14:28 ICT" name="test_functionEvent" finished-at="2022-06-22T19:14:51 ICT" duration-ms="22844" status="PASS">
          <reporter-output>
          </reporter-output>
        </test-method> <!-- test_functionEvent -->
      </class> <!-- com.contactdiary.appium.ContactDiaryTest -->
    </test> <!-- Default test -->
  </suite> <!-- Default suite -->
</testng-results>
